Determining if the pthread_create exist failed with the following output:
Change Dir: /home/lord-pradhan/auto_valet/build/my_robot/CMakeFiles/CMakeTmp

Run Build Command:"/usr/bin/make" "cmTC_36204/fast"
/usr/bin/make -f CMakeFiles/cmTC_36204.dir/build.make CMakeFiles/cmTC_36204.dir/build
make[1]: Entering directory '/home/lord-pradhan/auto_valet/build/my_robot/CMakeFiles/CMakeTmp'
Building C object CMakeFiles/cmTC_36204.dir/CheckSymbolExists.c.o
/usr/bin/cc    -o CMakeFiles/cmTC_36204.dir/CheckSymbolExists.c.o   -c /home/lord-pradhan/auto_valet/build/my_robot/CMakeFiles/CMakeTmp/CheckSymbolExists.c
Linking C executable cmTC_36204
/usr/bin/cmake -E cmake_link_script CMakeFiles/cmTC_36204.dir/link.txt --verbose=1
/usr/bin/cc      -rdynamic CMakeFiles/cmTC_36204.dir/CheckSymbolExists.c.o  -o cmTC_36204 
CMakeFiles/cmTC_36204.dir/CheckSymbolExists.c.o: In function `main':
CheckSymbolExists.c:(.text+0x1b): undefined reference to `pthread_create'
collect2: error: ld returned 1 exit status
CMakeFiles/cmTC_36204.dir/build.make:97: recipe for target 'cmTC_36204' failed
make[1]: *** [cmTC_36204] Error 1
make[1]: Leaving directory '/home/lord-pradhan/auto_valet/build/my_robot/CMakeFiles/CMakeTmp'
Makefile:126: recipe for target 'cmTC_36204/fast' failed
make: *** [cmTC_36204/fast] Error 2

File /home/lord-pradhan/auto_valet/build/my_robot/CMakeFiles/CMakeTmp/CheckSymbolExists.c:
/* */
#include <pthread.h>

int main(int argc, char** argv)
{
  (void)argv;
#ifndef pthread_create
  return ((int*)(&pthread_create))[argc];
#else
  (void)argc;
  return 0;
#endif
}

Determining if the function pthread_create exists in the pthreads failed with the following output:
Change Dir: /home/lord-pradhan/auto_valet/build/my_robot/CMakeFiles/CMakeTmp

Run Build Command:"/usr/bin/make" "cmTC_2b473/fast"
/usr/bin/make -f CMakeFiles/cmTC_2b473.dir/build.make CMakeFiles/cmTC_2b473.dir/build
make[1]: Entering directory '/home/lord-pradhan/auto_valet/build/my_robot/CMakeFiles/CMakeTmp'
Building C object CMakeFiles/cmTC_2b473.dir/CheckFunctionExists.c.o
/usr/bin/cc   -DCHECK_FUNCTION_EXISTS=pthread_create   -o CMakeFiles/cmTC_2b473.dir/CheckFunctionExists.c.o   -c /usr/share/cmake-3.10/Modules/CheckFunctionExists.c
Linking C executable cmTC_2b473
/usr/bin/cmake -E cmake_link_script CMakeFiles/cmTC_2b473.dir/link.txt --verbose=1
/usr/bin/cc  -DCHECK_FUNCTION_EXISTS=pthread_create    -rdynamic CMakeFiles/cmTC_2b473.dir/CheckFunctionExists.c.o  -o cmTC_2b473 -lpthreads 
/usr/bin/ld: cannot find -lpthreads
collect2: error: ld returned 1 exit status
CMakeFiles/cmTC_2b473.dir/build.make:97: recipe for target 'cmTC_2b473' failed
make[1]: *** [cmTC_2b473] Error 1
make[1]: Leaving directory '/home/lord-pradhan/auto_valet/build/my_robot/CMakeFiles/CMakeTmp'
Makefile:126: recipe for target 'cmTC_2b473/fast' failed
make: *** [cmTC_2b473/fast] Error 2


