Determining if the pthread_create exist failed with the following output:
Change Dir: /home/lord-pradhan/auto_valet/build/ball_chaser/CMakeFiles/CMakeTmp

Run Build Command:"/usr/bin/make" "cmTC_a6a8c/fast"
/usr/bin/make -f CMakeFiles/cmTC_a6a8c.dir/build.make CMakeFiles/cmTC_a6a8c.dir/build
make[1]: Entering directory '/home/lord-pradhan/auto_valet/build/ball_chaser/CMakeFiles/CMakeTmp'
Building C object CMakeFiles/cmTC_a6a8c.dir/CheckSymbolExists.c.o
/usr/bin/cc    -o CMakeFiles/cmTC_a6a8c.dir/CheckSymbolExists.c.o   -c /home/lord-pradhan/auto_valet/build/ball_chaser/CMakeFiles/CMakeTmp/CheckSymbolExists.c
Linking C executable cmTC_a6a8c
/usr/bin/cmake -E cmake_link_script CMakeFiles/cmTC_a6a8c.dir/link.txt --verbose=1
/usr/bin/cc      -rdynamic CMakeFiles/cmTC_a6a8c.dir/CheckSymbolExists.c.o  -o cmTC_a6a8c 
CMakeFiles/cmTC_a6a8c.dir/CheckSymbolExists.c.o: In function `main':
CheckSymbolExists.c:(.text+0x1b): undefined reference to `pthread_create'
collect2: error: ld returned 1 exit status
CMakeFiles/cmTC_a6a8c.dir/build.make:97: recipe for target 'cmTC_a6a8c' failed
make[1]: *** [cmTC_a6a8c] Error 1
make[1]: Leaving directory '/home/lord-pradhan/auto_valet/build/ball_chaser/CMakeFiles/CMakeTmp'
Makefile:126: recipe for target 'cmTC_a6a8c/fast' failed
make: *** [cmTC_a6a8c/fast] Error 2

File /home/lord-pradhan/auto_valet/build/ball_chaser/CMakeFiles/CMakeTmp/CheckSymbolExists.c:
/* */
#include <pthread.h>

int main(int argc, char** argv)
{
  (void)argv;
#ifndef pthread_create
  return ((int*)(&pthread_create))[argc];
#else
  (void)argc;
  return 0;
#endif
}

Determining if the function pthread_create exists in the pthreads failed with the following output:
Change Dir: /home/lord-pradhan/auto_valet/build/ball_chaser/CMakeFiles/CMakeTmp

Run Build Command:"/usr/bin/make" "cmTC_40abb/fast"
/usr/bin/make -f CMakeFiles/cmTC_40abb.dir/build.make CMakeFiles/cmTC_40abb.dir/build
make[1]: Entering directory '/home/lord-pradhan/auto_valet/build/ball_chaser/CMakeFiles/CMakeTmp'
Building C object CMakeFiles/cmTC_40abb.dir/CheckFunctionExists.c.o
/usr/bin/cc   -DCHECK_FUNCTION_EXISTS=pthread_create   -o CMakeFiles/cmTC_40abb.dir/CheckFunctionExists.c.o   -c /usr/share/cmake-3.10/Modules/CheckFunctionExists.c
Linking C executable cmTC_40abb
/usr/bin/cmake -E cmake_link_script CMakeFiles/cmTC_40abb.dir/link.txt --verbose=1
/usr/bin/cc  -DCHECK_FUNCTION_EXISTS=pthread_create    -rdynamic CMakeFiles/cmTC_40abb.dir/CheckFunctionExists.c.o  -o cmTC_40abb -lpthreads 
/usr/bin/ld: cannot find -lpthreads
collect2: error: ld returned 1 exit status
CMakeFiles/cmTC_40abb.dir/build.make:97: recipe for target 'cmTC_40abb' failed
make[1]: *** [cmTC_40abb] Error 1
make[1]: Leaving directory '/home/lord-pradhan/auto_valet/build/ball_chaser/CMakeFiles/CMakeTmp'
Makefile:126: recipe for target 'cmTC_40abb/fast' failed
make: *** [cmTC_40abb/fast] Error 2


