Linked: (/home/soumya/24789/AutoValet/devel/.private/ball_chaser/share/common-lisp/ros/ball_chaser/srv/DriveToTarget.lisp, /home/soumya/24789/AutoValet/devel/share/common-lisp/ros/ball_chaser/srv/DriveToTarget.lisp)
Linked: (/home/soumya/24789/AutoValet/devel/.private/ball_chaser/share/common-lisp/ros/ball_chaser/srv/_package.lisp, /home/soumya/24789/AutoValet/devel/share/common-lisp/ros/ball_chaser/srv/_package.lisp)
Linked: (/home/soumya/24789/AutoValet/devel/.private/ball_chaser/share/common-lisp/ros/ball_chaser/srv/ball_chaser-srv.asd, /home/soumya/24789/AutoValet/devel/share/common-lisp/ros/ball_chaser/srv/ball_chaser-srv.asd)
Linked: (/home/soumya/24789/AutoValet/devel/.private/ball_chaser/share/common-lisp/ros/ball_chaser/srv/_package_DriveToTarget.lisp, /home/soumya/24789/AutoValet/devel/share/common-lisp/ros/ball_chaser/srv/_package_DriveToTarget.lisp)
Linked: (/home/soumya/24789/AutoValet/devel/.private/ball_chaser/share/gennodejs/ros/ball_chaser/_index.js, /home/soumya/24789/AutoValet/devel/share/gennodejs/ros/ball_chaser/_index.js)
Linked: (/home/soumya/24789/AutoValet/devel/.private/ball_chaser/share/gennodejs/ros/ball_chaser/srv/DriveToTarget.js, /home/soumya/24789/AutoValet/devel/share/gennodejs/ros/ball_chaser/srv/DriveToTarget.js)
Linked: (/home/soumya/24789/AutoValet/devel/.private/ball_chaser/share/gennodejs/ros/ball_chaser/srv/_index.js, /home/soumya/24789/AutoValet/devel/share/gennodejs/ros/ball_chaser/srv/_index.js)
Linked: (/home/soumya/24789/AutoValet/devel/.private/ball_chaser/share/ball_chaser/cmake/ball_chaserConfig-version.cmake, /home/soumya/24789/AutoValet/devel/share/ball_chaser/cmake/ball_chaserConfig-version.cmake)
Linked: (/home/soumya/24789/AutoValet/devel/.private/ball_chaser/share/ball_chaser/cmake/ball_chaser-msg-paths.cmake, /home/soumya/24789/AutoValet/devel/share/ball_chaser/cmake/ball_chaser-msg-paths.cmake)
Linked: (/home/soumya/24789/AutoValet/devel/.private/ball_chaser/share/ball_chaser/cmake/ball_chaserConfig.cmake, /home/soumya/24789/AutoValet/devel/share/ball_chaser/cmake/ball_chaserConfig.cmake)
Linked: (/home/soumya/24789/AutoValet/devel/.private/ball_chaser/share/ball_chaser/cmake/ball_chaser-msg-extras.cmake, /home/soumya/24789/AutoValet/devel/share/ball_chaser/cmake/ball_chaser-msg-extras.cmake)
Linked: (/home/soumya/24789/AutoValet/devel/.private/ball_chaser/share/roseus/ros/ball_chaser/manifest.l, /home/soumya/24789/AutoValet/devel/share/roseus/ros/ball_chaser/manifest.l)
Linked: (/home/soumya/24789/AutoValet/devel/.private/ball_chaser/share/roseus/ros/ball_chaser/srv/DriveToTarget.l, /home/soumya/24789/AutoValet/devel/share/roseus/ros/ball_chaser/srv/DriveToTarget.l)
Linked: (/home/soumya/24789/AutoValet/devel/.private/ball_chaser/lib/pkgconfig/ball_chaser.pc, /home/soumya/24789/AutoValet/devel/lib/pkgconfig/ball_chaser.pc)
Linked: (/home/soumya/24789/AutoValet/devel/.private/ball_chaser/lib/ball_chaser/process_image, /home/soumya/24789/AutoValet/devel/lib/ball_chaser/process_image)
Linked: (/home/soumya/24789/AutoValet/devel/.private/ball_chaser/lib/ball_chaser/drive_bot, /home/soumya/24789/AutoValet/devel/lib/ball_chaser/drive_bot)
Linked: (/home/soumya/24789/AutoValet/devel/.private/ball_chaser/lib/python2.7/dist-packages/ball_chaser/__init__.py, /home/soumya/24789/AutoValet/devel/lib/python2.7/dist-packages/ball_chaser/__init__.py)
Linked: (/home/soumya/24789/AutoValet/devel/.private/ball_chaser/lib/python2.7/dist-packages/ball_chaser/srv/_DriveToTarget.py, /home/soumya/24789/AutoValet/devel/lib/python2.7/dist-packages/ball_chaser/srv/_DriveToTarget.py)
Linked: (/home/soumya/24789/AutoValet/devel/.private/ball_chaser/lib/python2.7/dist-packages/ball_chaser/srv/__init__.py, /home/soumya/24789/AutoValet/devel/lib/python2.7/dist-packages/ball_chaser/srv/__init__.py)
Linked: (/home/soumya/24789/AutoValet/devel/.private/ball_chaser/include/ball_chaser/DriveToTarget.h, /home/soumya/24789/AutoValet/devel/include/ball_chaser/DriveToTarget.h)
Linked: (/home/soumya/24789/AutoValet/devel/.private/ball_chaser/include/ball_chaser/DriveToTargetResponse.h, /home/soumya/24789/AutoValet/devel/include/ball_chaser/DriveToTargetResponse.h)
Linked: (/home/soumya/24789/AutoValet/devel/.private/ball_chaser/include/ball_chaser/DriveToTargetRequest.h, /home/soumya/24789/AutoValet/devel/include/ball_chaser/DriveToTargetRequest.h)
