Symlinking /home/lord-pradhan/auto_valet/devel/share/common-lisp/ros/ball_chaser/srv/ball_chaser-srv.asd
Symlinking /home/lord-pradhan/auto_valet/devel/share/common-lisp/ros/ball_chaser/srv/DriveToTarget.lisp
Symlinking /home/lord-pradhan/auto_valet/devel/share/common-lisp/ros/ball_chaser/srv/_package_DriveToTarget.lisp
Symlinking /home/lord-pradhan/auto_valet/devel/share/common-lisp/ros/ball_chaser/srv/_package.lisp
Symlinking /home/lord-pradhan/auto_valet/devel/share/roseus/ros/ball_chaser/manifest.l
Symlinking /home/lord-pradhan/auto_valet/devel/share/roseus/ros/ball_chaser/srv/DriveToTarget.l
Symlinking /home/lord-pradhan/auto_valet/devel/share/gennodejs/ros/ball_chaser/_index.js
Symlinking /home/lord-pradhan/auto_valet/devel/share/gennodejs/ros/ball_chaser/srv/_index.js
Symlinking /home/lord-pradhan/auto_valet/devel/share/gennodejs/ros/ball_chaser/srv/DriveToTarget.js
Symlinking /home/lord-pradhan/auto_valet/devel/share/ball_chaser/cmake/ball_chaserConfig.cmake
Symlinking /home/lord-pradhan/auto_valet/devel/share/ball_chaser/cmake/ball_chaser-msg-paths.cmake
Symlinking /home/lord-pradhan/auto_valet/devel/share/ball_chaser/cmake/ball_chaserConfig-version.cmake
Symlinking /home/lord-pradhan/auto_valet/devel/share/ball_chaser/cmake/ball_chaser-msg-extras.cmake
Symlinking /home/lord-pradhan/auto_valet/devel/lib/python2.7/dist-packages/ball_chaser/__init__.py
Symlinking /home/lord-pradhan/auto_valet/devel/lib/python2.7/dist-packages/ball_chaser/srv/__init__.py
Symlinking /home/lord-pradhan/auto_valet/devel/lib/python2.7/dist-packages/ball_chaser/srv/_DriveToTarget.py
Symlinking /home/lord-pradhan/auto_valet/devel/lib/pkgconfig/ball_chaser.pc
Symlinking /home/lord-pradhan/auto_valet/devel/lib/ball_chaser/drive_bot
Symlinking /home/lord-pradhan/auto_valet/devel/lib/ball_chaser/process_image
Symlinking /home/lord-pradhan/auto_valet/devel/include/ball_chaser/DriveToTarget.h
Symlinking /home/lord-pradhan/auto_valet/devel/include/ball_chaser/DriveToTargetRequest.h
Symlinking /home/lord-pradhan/auto_valet/devel/include/ball_chaser/DriveToTargetResponse.h
